{"/Users/ajar/Documents/node-ws-ms/unit-tests-with-jest/general/src/3-async.js": {"path":"/Users/ajar/Documents/node-ws-ms/unit-tests-with-jest/general/src/3-async.js","statementMap":{"0":{"start":{"line":3,"column":29},"end":{"line":7,"column":1}},"1":{"start":{"line":4,"column":4},"end":{"line":6,"column":12}},"2":{"start":{"line":5,"column":8},"end":{"line":5,"column":29}},"3":{"start":{"line":13,"column":26},"end":{"line":13,"column":71}},"4":{"start":{"line":13,"column":31},"end":{"line":13,"column":71}},"5":{"start":{"line":13,"column":60},"end":{"line":13,"column":70}},"6":{"start":{"line":15,"column":29},"end":{"line":27,"column":1}},"7":{"start":{"line":16,"column":4},"end":{"line":26,"column":6}},"8":{"start":{"line":17,"column":8},"end":{"line":19,"column":9}},"9":{"start":{"line":18,"column":12},"end":{"line":18,"column":71}},"10":{"start":{"line":20,"column":8},"end":{"line":21,"column":70}},"11":{"start":{"line":21,"column":12},"end":{"line":21,"column":70}},"12":{"start":{"line":22,"column":8},"end":{"line":23,"column":56}},"13":{"start":{"line":23,"column":12},"end":{"line":23,"column":56}},"14":{"start":{"line":25,"column":8},"end":{"line":25,"column":35}}},"fnMap":{"0":{"name":"(anonymous_0)","decl":{"start":{"line":3,"column":29},"end":{"line":3,"column":30}},"loc":{"start":{"line":3,"column":36},"end":{"line":7,"column":1}},"line":3},"1":{"name":"(anonymous_1)","decl":{"start":{"line":4,"column":15},"end":{"line":4,"column":16}},"loc":{"start":{"line":4,"column":21},"end":{"line":6,"column":5}},"line":4},"2":{"name":"(anonymous_2)","decl":{"start":{"line":13,"column":26},"end":{"line":13,"column":27}},"loc":{"start":{"line":13,"column":31},"end":{"line":13,"column":71}},"line":13},"3":{"name":"(anonymous_3)","decl":{"start":{"line":13,"column":55},"end":{"line":13,"column":56}},"loc":{"start":{"line":13,"column":60},"end":{"line":13,"column":70}},"line":13},"4":{"name":"(anonymous_4)","decl":{"start":{"line":15,"column":29},"end":{"line":15,"column":30}},"loc":{"start":{"line":15,"column":36},"end":{"line":27,"column":1}},"line":15},"5":{"name":"(anonymous_5)","decl":{"start":{"line":16,"column":35},"end":{"line":16,"column":36}},"loc":{"start":{"line":16,"column":40},"end":{"line":26,"column":5}},"line":16}},"branchMap":{"0":{"loc":{"start":{"line":17,"column":8},"end":{"line":19,"column":9}},"type":"if","locations":[{"start":{"line":17,"column":8},"end":{"line":19,"column":9}},{"start":{"line":17,"column":8},"end":{"line":19,"column":9}}],"line":17},"1":{"loc":{"start":{"line":20,"column":8},"end":{"line":21,"column":70}},"type":"if","locations":[{"start":{"line":20,"column":8},"end":{"line":21,"column":70}},{"start":{"line":20,"column":8},"end":{"line":21,"column":70}}],"line":20},"2":{"loc":{"start":{"line":22,"column":8},"end":{"line":23,"column":56}},"type":"if","locations":[{"start":{"line":22,"column":8},"end":{"line":23,"column":56}},{"start":{"line":22,"column":8},"end":{"line":23,"column":56}}],"line":22}},"s":{"0":1,"1":0,"2":0,"3":1,"4":1,"5":1,"6":1,"7":7,"8":7,"9":1,"10":6,"11":2,"12":4,"13":2,"14":2},"f":{"0":0,"1":0,"2":1,"3":1,"4":7,"5":7},"b":{"0":[1,6],"1":[2,4],"2":[2,2]},"_coverageSchema":"1a1c01bbd47fc00a2c39e90264f33305004495a9","hash":"c96ca17b05ae27f248a4defec509ab086de741a3"}
,"/Users/ajar/Documents/node-ws-ms/unit-tests-with-jest/general/src/4-mock-func.js": {"path":"/Users/ajar/Documents/node-ws-ms/unit-tests-with-jest/general/src/4-mock-func.js","statementMap":{"0":{"start":{"line":2,"column":23},"end":{"line":6,"column":1}},"1":{"start":{"line":3,"column":4},"end":{"line":5,"column":5}},"2":{"start":{"line":4,"column":8},"end":{"line":4,"column":17}},"3":{"start":{"line":8,"column":22},"end":{"line":16,"column":1}},"4":{"start":{"line":9,"column":14},"end":{"line":9,"column":16}},"5":{"start":{"line":10,"column":4},"end":{"line":14,"column":5}},"6":{"start":{"line":11,"column":8},"end":{"line":13,"column":9}},"7":{"start":{"line":12,"column":12},"end":{"line":12,"column":26}},"8":{"start":{"line":15,"column":4},"end":{"line":15,"column":15}}},"fnMap":{"0":{"name":"(anonymous_0)","decl":{"start":{"line":2,"column":23},"end":{"line":2,"column":24}},"loc":{"start":{"line":2,"column":37},"end":{"line":6,"column":1}},"line":2},"1":{"name":"(anonymous_1)","decl":{"start":{"line":8,"column":22},"end":{"line":8,"column":23}},"loc":{"start":{"line":8,"column":36},"end":{"line":16,"column":1}},"line":8}},"branchMap":{"0":{"loc":{"start":{"line":11,"column":8},"end":{"line":13,"column":9}},"type":"if","locations":[{"start":{"line":11,"column":8},"end":{"line":13,"column":9}},{"start":{"line":11,"column":8},"end":{"line":13,"column":9}}],"line":11}},"s":{"0":1,"1":1,"2":3,"3":1,"4":2,"5":2,"6":16,"7":10,"8":2},"f":{"0":1,"1":2},"b":{"0":[10,6]},"_coverageSchema":"1a1c01bbd47fc00a2c39e90264f33305004495a9","hash":"14db50a435258c5c69dce2d540b5bada5230005e"}
,"/Users/ajar/Documents/node-ws-ms/unit-tests-with-jest/general/src/5-mock-modules.js": {"path":"/Users/ajar/Documents/node-ws-ms/unit-tests-with-jest/general/src/5-mock-modules.js","statementMap":{"0":{"start":{"line":5,"column":16},"end":{"line":5,"column":60}},"1":{"start":{"line":6,"column":19},"end":{"line":6,"column":39}},"2":{"start":{"line":7,"column":4},"end":{"line":7,"column":16}},"3":{"start":{"line":10,"column":16},"end":{"line":10,"column":39}},"4":{"start":{"line":11,"column":19},"end":{"line":11,"column":39}},"5":{"start":{"line":12,"column":4},"end":{"line":12,"column":16}}},"fnMap":{"0":{"name":"(anonymous_0)","decl":{"start":{"line":4,"column":2},"end":{"line":4,"column":3}},"loc":{"start":{"line":4,"column":21},"end":{"line":8,"column":3}},"line":4},"1":{"name":"(anonymous_1)","decl":{"start":{"line":9,"column":2},"end":{"line":9,"column":3}},"loc":{"start":{"line":9,"column":37},"end":{"line":13,"column":3}},"line":9}},"branchMap":{},"s":{"0":1,"1":1,"2":1,"3":2,"4":2,"5":2},"f":{"0":1,"1":2},"b":{},"_coverageSchema":"1a1c01bbd47fc00a2c39e90264f33305004495a9","hash":"46744db78e7f6b317577beb418c08748167e0d41"}
,"/Users/ajar/Documents/node-ws-ms/unit-tests-with-jest/general/src/utils/finance.utils.js": {"path":"/Users/ajar/Documents/node-ws-ms/unit-tests-with-jest/general/src/utils/finance.utils.js","statementMap":{"0":{"start":{"line":11,"column":32},"end":{"line":15,"column":1}},"1":{"start":{"line":12,"column":18},"end":{"line":12,"column":56}},"2":{"start":{"line":13,"column":20},"end":{"line":13,"column":30}},"3":{"start":{"line":14,"column":3},"end":{"line":14,"column":19}}},"fnMap":{"0":{"name":"(anonymous_0)","decl":{"start":{"line":11,"column":32},"end":{"line":11,"column":33}},"loc":{"start":{"line":11,"column":48},"end":{"line":15,"column":1}},"line":11}},"branchMap":{},"s":{"0":1,"1":1,"2":1,"3":1},"f":{"0":1},"b":{},"_coverageSchema":"1a1c01bbd47fc00a2c39e90264f33305004495a9","hash":"f45da6da03525b0333523ed58cea85e8ad166cc5"}
,"/Users/ajar/Documents/node-ws-ms/unit-tests-with-jest/general/src/utils/morse.codes.js": {"path":"/Users/ajar/Documents/node-ws-ms/unit-tests-with-jest/general/src/utils/morse.codes.js","statementMap":{"0":{"start":{"line":1,"column":27},"end":{"line":38,"column":3}}},"fnMap":{},"branchMap":{},"s":{"0":1},"f":{},"b":{},"_coverageSchema":"1a1c01bbd47fc00a2c39e90264f33305004495a9","hash":"8ed349f5ab828ae0146c5e4741239b0bd3a736a4"}
,"/Users/ajar/Documents/node-ws-ms/unit-tests-with-jest/general/src/utils/strings.utils.js": {"path":"/Users/ajar/Documents/node-ws-ms/unit-tests-with-jest/general/src/utils/strings.utils.js","statementMap":{"0":{"start":{"line":3,"column":26},"end":{"line":5,"column":1}},"1":{"start":{"line":4,"column":4},"end":{"line":4,"column":28}},"2":{"start":{"line":7,"column":27},"end":{"line":18,"column":1}},"3":{"start":{"line":8,"column":17},"end":{"line":8,"column":19}},"4":{"start":{"line":9,"column":18},"end":{"line":9,"column":40}},"5":{"start":{"line":10,"column":4},"end":{"line":16,"column":5}},"6":{"start":{"line":11,"column":22},"end":{"line":11,"column":37}},"7":{"start":{"line":12,"column":8},"end":{"line":14,"column":9}},"8":{"start":{"line":13,"column":12},"end":{"line":13,"column":40}},"9":{"start":{"line":15,"column":8},"end":{"line":15,"column":22}},"10":{"start":{"line":17,"column":4},"end":{"line":17,"column":25}}},"fnMap":{"0":{"name":"(anonymous_0)","decl":{"start":{"line":3,"column":26},"end":{"line":3,"column":27}},"loc":{"start":{"line":3,"column":38},"end":{"line":5,"column":1}},"line":3},"1":{"name":"(anonymous_1)","decl":{"start":{"line":7,"column":27},"end":{"line":7,"column":28}},"loc":{"start":{"line":7,"column":41},"end":{"line":18,"column":1}},"line":7}},"branchMap":{},"s":{"0":1,"1":1,"2":1,"3":3,"4":3,"5":3,"6":5,"7":5,"8":20,"9":5,"10":3},"f":{"0":1,"1":3},"b":{},"_coverageSchema":"1a1c01bbd47fc00a2c39e90264f33305004495a9","hash":"bfc60a8e71d6484baeefef03bbc38689fd0bc749"}
}
