TN:
SF:src/3-async.js
FN:3,(anonymous_0)
FN:4,(anonymous_1)
FN:13,(anonymous_2)
FN:13,(anonymous_3)
FN:15,(anonymous_4)
FN:16,(anonymous_5)
FNF:6
FNH:4
FNDA:0,(anonymous_0)
FNDA:0,(anonymous_1)
FNDA:1,(anonymous_2)
FNDA:1,(anonymous_3)
FNDA:7,(anonymous_4)
FNDA:7,(anonymous_5)
DA:3,1
DA:4,0
DA:5,0
DA:13,1
DA:15,1
DA:16,7
DA:17,7
DA:18,1
DA:20,6
DA:21,2
DA:22,4
DA:23,2
DA:25,2
LF:13
LH:11
BRDA:17,0,0,1
BRDA:17,0,1,6
BRDA:20,1,0,2
BRDA:20,1,1,4
BRDA:22,2,0,2
BRDA:22,2,1,2
BRF:6
BRH:6
end_of_record
TN:
SF:src/4-mock-func.js
FN:2,(anonymous_0)
FN:8,(anonymous_1)
FNF:2
FNH:2
FNDA:1,(anonymous_0)
FNDA:2,(anonymous_1)
DA:2,1
DA:3,1
DA:4,3
DA:8,1
DA:9,2
DA:10,2
DA:11,16
DA:12,10
DA:15,2
LF:9
LH:9
BRDA:11,0,0,10
BRDA:11,0,1,6
BRF:2
BRH:2
end_of_record
TN:
SF:src/5-mock-modules.js
FN:4,(anonymous_0)
FN:9,(anonymous_1)
FNF:2
FNH:2
FNDA:1,(anonymous_0)
FNDA:2,(anonymous_1)
DA:5,1
DA:6,1
DA:7,1
DA:10,2
DA:11,2
DA:12,2
LF:6
LH:6
BRF:0
BRH:0
end_of_record
TN:
SF:src/utils/finance.utils.js
FN:11,(anonymous_0)
FNF:1
FNH:1
FNDA:1,(anonymous_0)
DA:11,1
DA:12,1
DA:13,1
DA:14,1
LF:4
LH:4
BRF:0
BRH:0
end_of_record
TN:
SF:src/utils/morse.codes.js
FNF:0
FNH:0
DA:1,1
LF:1
LH:1
BRF:0
BRH:0
end_of_record
TN:
SF:src/utils/strings.utils.js
FN:3,(anonymous_0)
FN:7,(anonymous_1)
FNF:2
FNH:2
FNDA:1,(anonymous_0)
FNDA:3,(anonymous_1)
DA:3,1
DA:4,1
DA:7,1
DA:8,3
DA:9,3
DA:10,3
DA:11,5
DA:12,5
DA:13,20
DA:15,5
DA:17,3
LF:11
LH:11
BRF:0
BRH:0
end_of_record
